<?xml version="1.0" encoding="UTF-8"?>
<!-- Generated by org.testng.reporters.JUnitXMLReporter -->
<testsuite ignored="0" hostname="DESKTOP-AFKDAUO" failures="1" tests="1" name="Test" time="33.808" errors="0" timestamp="2025-11-07T18:58:44 IST">
  <testcase classname="io.cucumber.testng.AbstractTestNGCucumberTests" name="runScenario" time="28.127">
    <failure type="java.lang.AssertionError" message="null">
      <![CDATA[java.lang.AssertionError: null
at coverFoxStepDefinitions.StepDefinitions.i_provide_pincode_a_mob_number_as_and_click_on_continue_button(StepDefinitions.java:63)
at ✽.I provide pincode a "411046", mobNumber as "8888888888" and Click on continue button(file:///C:/Users/admin/eclipse-workspace/coverFox/src/test/resources/FeatureFile/CoverFoxHealthInsurance.feature:7)
... Removed 2 stack frames]]>
    </failure>
  </testcase> <!-- runScenario -->
</testsuite> <!-- Test -->
