<?xml version="1.0" encoding="UTF-8"?>
<!-- Generated by org.testng.reporters.JUnitReportReporter -->
<testsuite hostname="DESKTOP-AFKDAUO" failures="0" tests="2" name="coverFoxRunner.Runner" time="49.430" errors="0" timestamp="2025-11-12T13:36:36 IST" skipped="0">
  <testcase classname="coverFoxRunner.Runner" name="runScenario" time="31.677">
    <system-out>
      <![CDATA[setting Browser Aschrome
closing browser]]>
    </system-out>
  </testcase> <!-- runScenario -->
  <testcase classname="coverFoxRunner.Runner" name="runScenario" time="17.753">
    <system-out>
      <![CDATA[setting Browser Aschrome
closing browser]]>
    </system-out>
  </testcase> <!-- runScenario -->
  <system-out>
    <![CDATA[setting Browser Aschrome
closing browser
setting Browser Aschrome
closing browser]]>
  </system-out>
</testsuite> <!-- coverFoxRunner.Runner -->
