<?xml version="1.0" encoding="UTF-8"?>
<!-- Generated by org.testng.reporters.JUnitReportReporter -->
<testsuite hostname="DESKTOP-AFKDAUO" failures="0" tests="3" name="coverFoxRunner.GmailRunner" time="0.503" errors="0" timestamp="2025-10-20T21:07:25 IST" skipped="0">
  <testcase classname="coverFoxRunner.GmailRunner" name="runScenario" time="0.037"/>
  <testcase classname="coverFoxRunner.GmailRunner" name="runScenario" time="0.413"/>
  <testcase classname="coverFoxRunner.GmailRunner" name="runScenario" time="0.053"/>
</testsuite> <!-- coverFoxRunner.GmailRunner -->
