<?xml version="1.0" encoding="UTF-8"?>
<!-- Generated by org.testng.reporters.JUnitReportReporter -->
<testsuite hostname="DESKTOP-AFKDAUO" failures="0" tests="2" name="assertionStudy.AnnotationStudy1" time="0.041" errors="0" timestamp="2025-11-07T12:49:24 IST" skipped="0">
  <testcase classname="assertionStudy.AnnotationStudy1" name="aresultValidation" time="0.021">
    <system-out>
      <![CDATA[A running result validation]]>
    </system-out>
  </testcase> <!-- aresultValidation -->
  <testcase classname="assertionStudy.AnnotationStudy1" name="resultValidation" time="0.020">
    <system-out>
      <![CDATA[running result validation]]>
    </system-out>
  </testcase> <!-- resultValidation -->
  <system-out>
    <![CDATA[Before suite Running
Before test Running
provide Member Details
Enter Address and Pincode
A running result validation
clear History
Enter Address and Pincode
running result validation
clear History
Closing Browser
After test Running
After suite Running]]>
  </system-out>
</testsuite> <!-- assertionStudy.AnnotationStudy1 -->
