<?xml version="1.0" encoding="UTF-8"?>
<testsuite xmlns:xsi="http://www.w3.org/2001/XMLSchema-instance" xsi:noNamespaceSchemaLocation="https://maven.apache.org/surefire/maven-surefire-plugin/xsd/surefire-test-report.xsd" version="3.0.2" name="TestSuite" time="44.301" tests="2" errors="0" skipped="0" failures="0">
  <properties>
[...]
</properties>
  <testcase name="runScenario[&quot;validate CoverFox Health Insurance plan for single person&quot;, &quot;CoverFox Health Insurance test&quot;](1)" classname="coverFoxRunner.Runner" time="22.276">
    <system-out><![CDATA[
&amp#27;[1mScenario:&amp#27;[22m validate CoverFox Health Insurance plan for single person                          &amp#27;[90m# file:///C:/Users/HP/eclipse-workspace/CoverFox/src/test/resources/FeatureFile/CoverFoxHealthInsurance.feature:2&amp#27;[39m
reading data from properties chrome
reading data from properties https://www.coverfox.com/
GIVEN: I am on home page
  &amp#27;[32m✔&amp#27;[39m &amp#27;[32m&amp#27;[1mGiven &amp#27;[22mI am on home page&amp#27;[39m                                                                  &amp#27;[90m# coverFoxStepDefinitions.StepDefinitions.i_am_on_home_page()&amp#27;[39m
WHEN: Clicked on get Started button
  &amp#27;[32m✔&amp#27;[39m &amp#27;[32m&amp#27;[1mWhen &amp#27;[22mI Click on get Started button&amp#27;[39m                                                       &amp#27;[90m# coverFoxStepDefinitions.StepDefinitions.i_click_on_get_started_button()&amp#27;[39m
Clicked on next button
WHEN: Clicked on next button (Select who you want to insure)
  &amp#27;[32m✔&amp#27;[39m &amp#27;[32m&amp#27;[1mAnd &amp#27;[22mI click on next button&amp#27;[39m                                                               &amp#27;[90m# coverFoxStepDefinitions.StepDefinitions.i_click_on_next_button()&amp#27;[39m
Handling Dropdown with value   34 years 
click on next button
WHEN: Provided age as 34 and Clicked on next button
  &amp#27;[32m✔&amp#27;[39m &amp#27;[32m&amp#27;[1mAnd &amp#27;[22mI provide age as &amp#27;[1m"34"&amp#27;[22m and Click on next button&amp#27;[39m                                       &amp#27;[90m# coverFoxStepDefinitions.StepDefinitions.i_provide_age_as_and_click_on_next_button(java.lang.String)&amp#27;[39m
entering pincode as 411046
entering mobile number as 8888888888
click on continue button
WHEN: Entered pincode as 411046 and mobile number as 8888888888 and clicked continue
  &amp#27;[32m✔&amp#27;[39m &amp#27;[32m&amp#27;[1mAnd &amp#27;[22mI provide pincode a &amp#27;[1m"411046"&amp#27;[22m, mobNumber as &amp#27;[1m"8888888888"&amp#27;[22m and Click on continue button&amp#27;[39m &amp#27;[90m# coverFoxStepDefinitions.StepDefinitions.i_provide_pincode_a_mob_number_as_and_click_on_continue_button(java.lang.String,java.lang.String)&amp#27;[39m
THEN: Health Insurance Plans displayed. Expected plan count: 48
  &amp#27;[32m✔&amp#27;[39m &amp#27;[32m&amp#27;[1mThen &amp#27;[22mmatching Health Insurance Plans should be displayed as &amp#27;[1m"48"&amp#27;[22m&amp#27;[39m                         &amp#27;[90m# coverFoxStepDefinitions.StepDefinitions.matching_health_insurance_plans_should_be_displayed_as(java.lang.String)&amp#27;[39m
closing browser
]]></system-out>
    <system-err><![CDATA[SLF4J(W): No SLF4J providers were found.
SLF4J(W): Defaulting to no-operation (NOP) logger implementation
SLF4J(W): See https://www.slf4j.org/codes.html#noProviders for further details.
Nov 17, 2025 1:00:16 AM org.openqa.selenium.devtools.CdpVersionFinder findNearestMatch
WARNING: Unable to find an exact match for CDP version 142, returning the closest version; found: 141; Please update to a Selenium version that supports CDP version 142
]]></system-err>
  </testcase>
  <testcase name="runScenario[&quot;Validate coverfox health insurance pincode and mobile number error msg&quot;, &quot;CoverFox Health Insurance test&quot;](2)" classname="coverFoxRunner.Runner" time="18.639">
    <system-out><![CDATA[
&amp#27;[1mScenario:&amp#27;[22m Validate coverfox health insurance pincode and mobile number error msg      &amp#27;[90m# file:///C:/Users/HP/eclipse-workspace/CoverFox/src/test/resources/FeatureFile/CoverFoxHealthInsurance.feature:10&amp#27;[39m
reading data from properties chrome
reading data from properties https://www.coverfox.com/
GIVEN: I am on home page
  &amp#27;[32m✔&amp#27;[39m &amp#27;[32m&amp#27;[1mGiven &amp#27;[22mI am on home page&amp#27;[39m                                                           &amp#27;[90m# coverFoxStepDefinitions.StepDefinitions.i_am_on_home_page()&amp#27;[39m
WHEN: Clicked on get Started button
  &amp#27;[32m✔&amp#27;[39m &amp#27;[32m&amp#27;[1mWhen &amp#27;[22mI Click on get Started button&amp#27;[39m                                                &amp#27;[90m# coverFoxStepDefinitions.StepDefinitions.i_click_on_get_started_button()&amp#27;[39m
Clicked on next button
WHEN: Clicked on next button (Select who you want to insure)
  &amp#27;[32m✔&amp#27;[39m &amp#27;[32m&amp#27;[1mAnd &amp#27;[22mI click on next button&amp#27;[39m                                                        &amp#27;[90m# coverFoxStepDefinitions.StepDefinitions.i_click_on_next_button()&amp#27;[39m
Handling Dropdown with value   29 years 
click on next button
WHEN: Provided age as 29 and Clicked on next button
  &amp#27;[32m✔&amp#27;[39m &amp#27;[32m&amp#27;[1mAnd &amp#27;[22mI provide age as &amp#27;[1m"29"&amp#27;[22m and Click on next button&amp#27;[39m                                &amp#27;[90m# coverFoxStepDefinitions.StepDefinitions.i_provide_age_as_and_click_on_next_button(java.lang.String)&amp#27;[39m
click on continue button
  &amp#27;[32m✔&amp#27;[39m &amp#27;[32m&amp#27;[1mAnd &amp#27;[22mclick on continue button without providing pincode and mobile number&amp#27;[39m          &amp#27;[90m# coverFoxStepDefinitions.StepDefinitions.click_on_continue_button_without_providing_pincode_and_mobile_number()&amp#27;[39m
THEN: Appropriate error messages are displayed for pincode and mobile number (Validation required).
  &amp#27;[32m✔&amp#27;[39m &amp#27;[32m&amp#27;[1mThen &amp#27;[22mappropriate error messages should be displayed for pincode and mobile number&amp#27;[39m &amp#27;[90m# coverFoxStepDefinitions.StepDefinitions.appropriate_error_messages_should_be_displayed_for_pincode_and_mobile_number()&amp#27;[39m
closing browser
]]></system-out>
    <system-err><![CDATA[Nov 17, 2025 1:00:38 AM org.openqa.selenium.devtools.CdpVersionFinder findNearestMatch
WARNING: Unable to find an exact match for CDP version 142, returning the closest version; found: 141; Please update to a Selenium version that supports CDP version 142
]]></system-err>
  </testcase>
</testsuite>