<?xml version="1.0" encoding="UTF-8"?>
<testng-results ignored="0" total="2" passed="2" failed="0" skipped="0">
  <reporter-output>
    <line>
      <![CDATA[setting Browser Aschrome]]>
    </line>
    <line>
      <![CDATA[closing browser]]>
    </line>
    <line>
      <![CDATA[setting Browser Aschrome]]>
    </line>
    <line>
      <![CDATA[closing browser]]>
    </line>
  </reporter-output>
  <suite started-at="2025-11-15T02:15:06 IST" name="Suite" finished-at="2025-11-15T02:15:44 IST" duration-ms="38152">
    <groups>
      <group name="cucumber">
        <method signature="AbstractTestNGCucumberTests.runScenario(io.cucumber.testng.PickleWrapper,io.cucumber.testng.FeatureWrapper)[pri:0, instance:coverFoxRunner.Runner@776aec5c]" name="runScenario" class="io.cucumber.testng.AbstractTestNGCucumberTests"/>
      </group> <!-- cucumber -->
    </groups>
    <test started-at="2025-11-15T02:15:06 IST" name="Test" finished-at="2025-11-15T02:15:44 IST" duration-ms="38152">
      <class name="coverFoxRunner.Runner">
        <test-method is-config="true" signature="setUpClass(org.testng.ITestContext)[pri:0, instance:coverFoxRunner.Runner@776aec5c]" started-at="2025-11-15T02:15:06 IST" name="setUpClass" finished-at="2025-11-15T02:15:06 IST" duration-ms="531" status="PASS">
          <params>
            <param index="0">
              <value>
                <![CDATA[org.testng.TestRunner@7b81616b]]>
              </value>
            </param>
          </params>
          <reporter-output>
          </reporter-output>
        </test-method> <!-- setUpClass -->
        <test-method signature="runScenario(io.cucumber.testng.PickleWrapper,io.cucumber.testng.FeatureWrapper)[pri:0, instance:coverFoxRunner.Runner@776aec5c]" started-at="2025-11-15T02:15:06 IST" name="runScenario" description="Runs Cucumber Scenarios" data-provider="scenarios" finished-at="2025-11-15T02:15:29 IST" duration-ms="22901" status="PASS">
          <params>
            <param index="0">
              <value>
                <![CDATA["validate CoverFox Health Insurance plan for single person"]]>
              </value>
            </param>
            <param index="1">
              <value>
                <![CDATA["CoverFox Health Insurance test"]]>
              </value>
            </param>
          </params>
          <reporter-output>
            <line>
              <![CDATA[setting Browser Aschrome]]>
            </line>
            <line>
              <![CDATA[closing browser]]>
            </line>
          </reporter-output>
        </test-method> <!-- runScenario -->
        <test-method signature="runScenario(io.cucumber.testng.PickleWrapper,io.cucumber.testng.FeatureWrapper)[pri:0, instance:coverFoxRunner.Runner@776aec5c]" started-at="2025-11-15T02:15:29 IST" name="runScenario" description="Runs Cucumber Scenarios" data-provider="scenarios" finished-at="2025-11-15T02:15:42 IST" duration-ms="12493" status="PASS">
          <params>
            <param index="0">
              <value>
                <![CDATA["Validate coverfox health insurance pincode and mobile number error msg"]]>
              </value>
            </param>
            <param index="1">
              <value>
                <![CDATA["CoverFox Health Insurance test"]]>
              </value>
            </param>
          </params>
          <reporter-output>
            <line>
              <![CDATA[setting Browser Aschrome]]>
            </line>
            <line>
              <![CDATA[closing browser]]>
            </line>
          </reporter-output>
        </test-method> <!-- runScenario -->
        <test-method is-config="true" signature="tearDownClass()[pri:0, instance:coverFoxRunner.Runner@776aec5c]" started-at="2025-11-15T02:15:42 IST" name="tearDownClass" finished-at="2025-11-15T02:15:44 IST" duration-ms="2185" status="PASS">
          <reporter-output>
          </reporter-output>
        </test-method> <!-- tearDownClass -->
      </class> <!-- coverFoxRunner.Runner -->
    </test> <!-- Test -->
  </suite> <!-- Suite -->
</testng-results>
