<?xml version="1.0" encoding="UTF-8"?>
<testng-results ignored="0" total="1" passed="0" failed="1" skipped="0">
  <reporter-output>
    <line>
      <![CDATA[setting Browser Aschrome]]>
    </line>
    <line>
      <![CDATA[taking Screenshot]]>
    </line>
    <line>
      <![CDATA[closing browser]]>
    </line>
  </reporter-output>
  <suite started-at="2025-11-07T18:58:10 IST" name="Suite" finished-at="2025-11-07T18:58:44 IST" duration-ms="33808">
    <groups>
      <group name="cucumber">
        <method signature="AbstractTestNGCucumberTests.runScenario(io.cucumber.testng.PickleWrapper,io.cucumber.testng.FeatureWrapper)[pri:0, instance:coverFoxRunner.Runner@23348b5d]" name="runScenario" class="io.cucumber.testng.AbstractTestNGCucumberTests"/>
      </group> <!-- cucumber -->
    </groups>
    <test started-at="2025-11-07T18:58:10 IST" name="Test" finished-at="2025-11-07T18:58:44 IST" duration-ms="33808">
      <class name="coverFoxRunner.Runner">
        <test-method is-config="true" signature="setUpClass(org.testng.ITestContext)[pri:0, instance:coverFoxRunner.Runner@23348b5d]" started-at="2025-11-07T18:58:10 IST" name="setUpClass" finished-at="2025-11-07T18:58:12 IST" duration-ms="2218" status="PASS">
          <params>
            <param index="0">
              <value>
                <![CDATA[org.testng.TestRunner@6fc6deb7]]>
              </value>
            </param>
          </params>
          <reporter-output>
          </reporter-output>
        </test-method> <!-- setUpClass -->
        <test-method signature="runScenario(io.cucumber.testng.PickleWrapper,io.cucumber.testng.FeatureWrapper)[pri:0, instance:coverFoxRunner.Runner@23348b5d]" started-at="2025-11-07T18:58:12 IST" name="runScenario" description="Runs Cucumber Scenarios" data-provider="scenarios" finished-at="2025-11-07T18:58:40 IST" duration-ms="28127" status="FAIL">
          <params>
            <param index="0">
              <value>
                <![CDATA["validate CoverFox Health Insurance plan for single person"]]>
              </value>
            </param>
            <param index="1">
              <value>
                <![CDATA["CoverFox Health Insurance test"]]>
              </value>
            </param>
          </params>
          <exception class="java.lang.AssertionError">
            <message>
              <![CDATA[null]]>
            </message>
            <full-stacktrace>
              <![CDATA[java.lang.AssertionError: null
at org.testng.Assert.fail(Assert.java:111)
at org.testng.Assert.fail(Assert.java:116)
at coverFoxStepDefinitions.StepDefinitions.i_provide_pincode_a_mob_number_as_and_click_on_continue_button(StepDefinitions.java:63)
at âœ½.I provide pincode a "411046", mobNumber as "8888888888" and Click on continue button(file:///C:/Users/admin/eclipse-workspace/coverFox/src/test/resources/FeatureFile/CoverFoxHealthInsurance.feature:7)
]]>
            </full-stacktrace>
          </exception> <!-- java.lang.AssertionError -->
          <reporter-output>
            <line>
              <![CDATA[setting Browser Aschrome]]>
            </line>
            <line>
              <![CDATA[taking Screenshot]]>
            </line>
            <line>
              <![CDATA[closing browser]]>
            </line>
          </reporter-output>
        </test-method> <!-- runScenario -->
        <test-method is-config="true" signature="tearDownClass()[pri:0, instance:coverFoxRunner.Runner@23348b5d]" started-at="2025-11-07T18:58:40 IST" name="tearDownClass" finished-at="2025-11-07T18:58:43 IST" duration-ms="3315" status="PASS">
          <reporter-output>
          </reporter-output>
        </test-method> <!-- tearDownClass -->
      </class> <!-- coverFoxRunner.Runner -->
    </test> <!-- Test -->
  </suite> <!-- Suite -->
</testng-results>
