<?xml version="1.0" encoding="UTF-8"?>
<!-- Generated by org.testng.reporters.JUnitReportReporter -->
<testsuite hostname="DESKTOP-AFKDAUO" failures="1" tests="1" name="coverFoxRunner.Runner" time="28.127" errors="0" timestamp="2025-11-07T18:58:44 IST" skipped="0">
  <testcase classname="coverFoxRunner.Runner" name="runScenario" time="28.127">
    <failure message="null" type="java.lang.AssertionError">
      <![CDATA[java.lang.AssertionError: null
at org.testng.Assert.fail(Assert.java:111)
at org.testng.Assert.fail(Assert.java:116)
at coverFoxStepDefinitions.StepDefinitions.i_provide_pincode_a_mob_number_as_and_click_on_continue_button(StepDefinitions.java:63)
at âœ½.I provide pincode a "411046", mobNumber as "8888888888" and Click on continue button(file:///C:/Users/admin/eclipse-workspace/coverFox/src/test/resources/FeatureFile/CoverFoxHealthInsurance.feature:7)
]]>
    </failure>
    <system-out>
      <![CDATA[setting Browser Aschrome
taking Screenshot
closing browser]]>
    </system-out>
  </testcase> <!-- runScenario -->
  <system-out>
    <![CDATA[setting Browser Aschrome
taking Screenshot
closing browser]]>
  </system-out>
</testsuite> <!-- coverFoxRunner.Runner -->
