<?xml version="1.0" encoding="UTF-8"?>
<!-- Generated by org.testng.reporters.JUnitReportReporter -->
<testsuite hostname="DESKTOP-AFKDAUO" failures="0" tests="2" name="assertionStudy.AnnotationStudy2" time="0.025" errors="0" timestamp="2025-11-07T11:03:54 IST" skipped="0">
  <testcase classname="assertionStudy.AnnotationStudy2" name="b" time="0.006">
    <system-out>
      <![CDATA[b method is running]]>
    </system-out>
  </testcase> <!-- b -->
  <testcase classname="assertionStudy.AnnotationStudy2" name="a" time="0.019">
    <system-out>
      <![CDATA[a method is running]]>
    </system-out>
  </testcase> <!-- a -->
  <system-out>
    <![CDATA[Setup System Property for Chrome
We are on homepage
notification blocked
a method is running
b method is running
Clear History
take screenshot
Delete all cookies]]>
  </system-out>
</testsuite> <!-- assertionStudy.AnnotationStudy2 -->
