<?xml version="1.0" encoding="UTF-8"?>
<!-- Generated by org.testng.reporters.JUnitReportReporter -->
<testsuite hostname="DESKTOP-AFKDAUO" failures="0" tests="3" name="assertionStudy.KeywordDependsOn" time="0.043" errors="0" timestamp="2025-11-07T10:34:01 IST" skipped="0">
  <testcase classname="assertionStudy.KeywordDependsOn" name="b" time="0.031">
    <system-out>
      <![CDATA[b method]]>
    </system-out>
  </testcase> <!-- b -->
  <testcase classname="assertionStudy.KeywordDependsOn" name="a" time="0.007">
    <system-out>
      <![CDATA[a method]]>
    </system-out>
  </testcase> <!-- a -->
  <testcase classname="assertionStudy.KeywordDependsOn" name="c" time="0.005">
    <system-out>
      <![CDATA[c method]]>
    </system-out>
  </testcase> <!-- c -->
  <system-out>
    <![CDATA[b method
c method
a method]]>
  </system-out>
</testsuite> <!-- assertionStudy.KeywordDependsOn -->
