<?xml version="1.0" encoding="UTF-8"?>
<!-- Generated by org.testng.reporters.JUnitReportReporter -->
<testsuite hostname="DESKTOP-AFKDAUO" failures="0" tests="1" name="assertionStudy.NewTest" time="0.050" errors="0" timestamp="2025-10-31T20:18:05 IST" skipped="0">
  <testcase classname="assertionStudy.NewTest" name="f" time="0.050">
    <system-out>
      <![CDATA[TC Passed]]>
    </system-out>
  </testcase> <!-- f -->
  <system-out>
    <![CDATA[TC Passed]]>
  </system-out>
</testsuite> <!-- assertionStudy.NewTest -->
