<?xml version="1.0" encoding="UTF-8"?>
<!-- Generated by org.testng.reporters.JUnitReportReporter -->
<testsuite hostname="C-3PO" failures="0" tests="2" name="coverFoxRunner.Runner" time="38.708" errors="0" timestamp="2025-11-15T02:12:58 IST" skipped="0">
  <testcase classname="coverFoxRunner.Runner" name="runScenario" time="25.515">
    <system-out>
      <![CDATA[setting Browser Aschrome
closing browser]]>
    </system-out>
  </testcase> <!-- runScenario -->
  <testcase classname="coverFoxRunner.Runner" name="runScenario" time="13.193">
    <system-out>
      <![CDATA[setting Browser Aschrome
closing browser]]>
    </system-out>
  </testcase> <!-- runScenario -->
  <system-out>
    <![CDATA[setting Browser Aschrome
closing browser
setting Browser Aschrome
closing browser]]>
  </system-out>
</testsuite> <!-- coverFoxRunner.Runner -->
