<?xml version="1.0" encoding="UTF-8"?>
<!-- Generated by org.testng.reporters.JUnitReportReporter -->
<testsuite hostname="DESKTOP-AFKDAUO" failures="0" tests="2" name="coverFoxRunner.Runner" time="70.622" errors="0" timestamp="2025-11-13T23:24:33 IST" skipped="0">
  <testcase classname="coverFoxRunner.Runner" name="runScenario" time="48.317">
    <system-out>
      <![CDATA[setting Browser Aschrome
closing browser]]>
    </system-out>
  </testcase> <!-- runScenario -->
  <testcase classname="coverFoxRunner.Runner" name="runScenario" time="22.305">
    <system-out>
      <![CDATA[setting Browser Aschrome
closing browser]]>
    </system-out>
  </testcase> <!-- runScenario -->
  <system-out>
    <![CDATA[setting Browser Aschrome
closing browser
setting Browser Aschrome
closing browser]]>
  </system-out>
</testsuite> <!-- coverFoxRunner.Runner -->
